<?xml version="1.0" encoding="UTF-8" ?>
<testsuite tests="4" failures="0" name="simplejavacalculator.TestSuite.TestSuiteC" time="0.182" errors="0" skipped="0">
  <properties>
[...]
</properties>
  <testcase classname="simplejavacalculator.CalculatorTest" name="UITest01" time="0.055"/>
  <testcase classname="simplejavacalculator.CalculatorTest" name="UITest02" time="0.063"/>
  <testcase classname="simplejavacalculator.CalculatorTest" name="UITest03" time="0.057"/>
  <testcase classname="simplejavacalculator.CalculatorTest" name="UITest04" time="0.007"/>
</testsuite>